Oct 22 13:07 : update: added lofi/WYS - Summer 89.mp3
Oct 22 13:07 : update: added lofi/DLJ, L.Dre - Memories Fade.mp3
Oct 22 13:07 : update: added lofi/Magic Mondays - December.mp3
Oct 22 13:07 : update: added lofi/Saib - Eerie.mp3
Oct 22 13:07 : update: added lofi/Wolf Schranze - Watercolor.mp3
Oct 22 13:07 : update: added lofi/Remulak, Axian - Drifting.mp3
Oct 22 13:07 : update: added lofi/Hoogway - High Ways.mp3
Oct 22 13:07 : update: added lofi/wood. - Gravity.mp3
Oct 22 13:07 : update: added lofi/Dinis - Manha Chuvosa.mp3
Oct 22 13:07 : update: added lofi/HM Surf - Frogner Park.mp3
Oct 22 13:07 : update: added lofi/A S T R O - Snowflake.mp3
Oct 22 13:07 : update: added lofi/Hoffy Beats, My Friend Thor - Coconut Tree.mp3
Oct 22 13:07 : update: added lofi/Yestalgia, Bad Room Producer - Raspberry Tea.mp3
Oct 22 13:07 : update: added lofi/Meraki99, Karma Kush - Eternal Soul.mp3
Oct 22 13:07 : update: added lofi/ØDYSSEE, HM Surf - Lush Puff.mp3
Oct 22 13:07 : update: added lofi/TABAL, Fufe - Blue Wind.mp3
Oct 22 13:07 : update: added lofi/colours in the dark, Linearwave - In Limbo & Loving It.mp3
Oct 22 13:07 : update: added lofi/SwuM - Shrine.mp3
Oct 22 13:07 : update: added lofi/Yestalgia - Silver Eyes.mp3
Oct 22 13:07 : update: added lofi/Rob Araujo - Jumbled.mp3
Oct 22 13:07 : update: added lofi/BIDØ, Suuna - Fresh Breeze.mp3
Oct 22 13:07 : update: added lofi/Jordy Chandra - Chillin Lounge.mp3
Oct 22 13:07 : update: added lofi/Pelicano, colours in the dark - Dance of the Falling Roses.mp3
Oct 22 13:07 : update: added lofi/goodbye april - candle light.mp3
Oct 22 13:07 : update: added lofi/WYS - Hold Back.mp3
Oct 22 13:07 : update: added lofi/wwolf ts - About Us.mp3
Oct 22 13:07 : update: added lofi/Tesk - Capture This.mp3
Oct 22 13:07 : update: added lofi/WYS - Stagger.mp3
Oct 22 13:07 : update: added lofi/v i v - Tear Dance.mp3
Oct 22 13:07 : update: added lofi/Nothing_neue - Heart & Soul.mp3
Oct 22 13:07 : update: added lofi/Antonius B - Ascension.mp3
Oct 22 13:07 : update: added lofi/L'Indécis - Motions.mp3
Oct 22 13:07 : update: added lofi/Nymano, JK the Sage, Epektase - Solstice.mp3
Oct 22 13:07 : update: added lofi/WYS - Nothing Changes.mp3
Oct 22 13:07 : update: added lofi/MARTIN $KY - Lavender Latte.mp3
Oct 22 13:07 : update: added lofi/b l o o p r - Bad Planet.mp3
Oct 22 13:07 : update: added lofi/Goland - Skyline.mp3
Oct 22 13:07 : update: added lofi/JazzyCal - Coffee Bean.mp3
Oct 22 13:07 : update: added lofi/DLJ, Retro Jungle - Feeling Safe.mp3
Oct 22 13:07 : update: added lofi/HoKø, Hoogway - Sunset Wish.mp3
Oct 22 13:07 : update: added lofi/Living Room - Karma.mp3
Oct 22 13:07 : update: added lofi/Moods - Talk About It.mp3
Oct 22 13:07 : update: added lofi/Aoko, HoKø - The Creek Section.mp3
Oct 22 13:07 : update: added lofi/Intuitive, Palpal - Sequoia.mp3
Oct 22 13:07 : update: added lofi/Lucid Green - Take Flight.mp3
Oct 22 13:07 : update: added lofi/B-Side, ØDYSSEE - Umbra.mp3
Oct 22 13:07 : update: added lofi/Ian Ewing, .Tetsuo - Grey.mp3
Oct 22 13:07 : update: added lofi/DLJ - I Care About You.mp3
Oct 22 13:07 : update: added lofi/Leavv, Philanthrope - What Was Before.mp3
Oct 22 13:07 : update: added lofi/S N U G - Steps.mp3
Oct 22 13:07 : update: added lofi/Blumen - On My Way.mp3
Oct 22 13:07 : update: added lofi/WYS - Moth.mp3
Oct 22 13:07 : update: added lofi/TABAL, DLJ - Deep Sleep.mp3
Oct 22 13:07 : update: added lofi/DLJ, Casiio - Retrospect.mp3
Oct 22 13:07 : update: added lofi/A S T R O, WYS - Ten Days.mp3
Oct 22 13:07 : update: added lofi/Pandrezz - Feelin Warm.mp3
Oct 22 13:07 : update: added lofi/wood. - Moonlight.mp3
Oct 22 13:07 : update: added lofi/TABAL, pantology - Soul Flight.mp3
Oct 22 13:07 : update: added lofi/Fluidaw - Smooth.mp3
Oct 22 13:07 : update: added lofi/Cloud Break, Full Skies - Weightless.mp3
Oct 22 13:07 : update: added lofi/Casiio, Sleepermane - Dew.mp3
Oct 22 13:07 : update: added lofi/DESH, delaney - Painted the Night.mp3
Oct 22 13:07 : update: added lofi/DESH, L'Indécis, delaney. - I'm On 1 Percent.mp3
Oct 22 13:07 : update: added lofi/Marcus D, Jinsang - Forgotten.mp3
Oct 22 13:07 : update: added lofi/b l o o p r - Insomnia Got My Tummy Hurtin'.mp3
Oct 22 13:07 : update: added lofi/Hoogway - Delicate.mp3
Oct 22 13:07 : update: added lofi/DLJ - Sand City.mp3
Oct 22 13:07 : update: added lofi/Antonius B - Windborne.mp3
Oct 22 13:07 : update: added lofi/Glimlip, Louk, Elior - Peach.mp3
Oct 22 13:07 : update: added lofi/Blumen, Dinis - Secret Spot.mp3
Oct 22 13:07 : update: added lofi/Juliàn - New Start.mp3
Oct 22 13:07 : update: added lofi/Charmer & Klay - Cucumber Water.mp3
Oct 22 13:07 : update: added lofi/TABAL, Dosi - Let Go.mp3
Oct 22 13:07 : update: added lofi/Kupla - Afloat.mp3
Oct 22 13:07 : update: added lofi/Tah., Blumen - Slow Heal.mp3
Oct 22 13:07 : update: added lofi/Dinis - Encontro.mp3
Oct 22 13:07 : update: added lofi/b l o o p r - Fakie Beta Flip.mp3
Oct 22 13:07 : update: added lofi/Peak Twilight, Lenny Loops - Timelapse.mp3
Oct 22 13:07 : update: added lofi/Alcynoos, Alberto Droguett - Ataraxia.mp3
Oct 22 13:07 : update: added lofi/Blumen - Farewell.mp3
Oct 22 13:07 : update: added lofi/Goson - Sometimes.mp3
Oct 22 13:07 : update: added lofi/Otaam, Lead Major, Needraw - Crépuscule.mp3
Oct 22 13:07 : update: added lofi/Saï T - Jet Ski.mp3
Oct 22 13:07 : update: added lofi/David Cutter Music - Splash.mp3
Oct 22 13:07 : update: added lofi/DLJ - Bright.mp3
Oct 22 13:07 : update: added lofi/Kaelin Ellis - Noise.mp3
Oct 22 13:07 : update: added lofi/wwolf ts, Dosi - New Beginning.mp3
Oct 22 13:07 : update: added lofi/kyoshi - fireside.mp3
Oct 22 13:07 : update: added lofi/Blumen, mell-ø - L'aube.mp3
Oct 22 13:07 : update: added lofi/Gabriel Cavalcanti, colours in the dark - cerulean..mp3
Oct 22 13:07 : update: added lofi/DLJ, Dosi - Double Path.mp3
Oct 22 13:07 : update: added lofi/ØDYSSEE, Etymology Records - Balata.mp3
Oct 22 13:07 : update: added lofi/Devon Rea, Epifania - Yearning.mp3
Oct 22 13:07 : update: added lofi/colours in the dark - Insomnia Dream.mp3
Oct 22 13:07 : update: added lofi/b l o o p r - Jeep Cherokee.mp3
Oct 22 13:07 : update: added lofi/DLJ - Hidden Gems.mp3
Oct 22 13:07 : update: added lofi/Saï T - Routine.mp3
Oct 22 13:07 : update: added lofi/May.Lu, Lost in Space - Vast Horizon.mp3
Oct 22 13:07 : update: added lofi/wood. - Adrift.mp3
Oct 22 13:07 : update: added lofi/Blumen - Going South.mp3
Oct 22 13:07 : update: added lofi/S N U G, Jordy Chandra - Fallen Leaves.mp3
Oct 22 13:07 : update: added lofi/Sebastian Kamae, Sleepermane - Mirage.mp3
Oct 22 13:07 : update: added lofi/WYS, Ouska - Airplane.mp3
Oct 22 13:07 : update: added lofi/Afroham, RINZ. - Everything Is Moving.mp3
Oct 22 13:07 : update: added lofi/L'Indécis - 9-45.mp3
Oct 22 13:07 : update: added lofi/Lazy Vibes - Let it Fall.mp3
Oct 22 13:07 : update: added lofi/MFakka, S I M - Always Yours.mp3
Oct 22 13:07 : update: added lofi/Dinis - Outono.mp3
Oct 22 13:07 : update: added lofi/Mellowy - Suwarrow.mp3
Oct 22 13:07 : update: added lofi/DLJ - Just You.mp3
Oct 22 13:07 : update: added lofi/DLJ - A Place I Know.mp3
Oct 22 13:07 : update: added lofi/Fohrenbach - cottagecore gf.mp3
Oct 22 13:07 : update: added lofi/Project AER - Ceiling Stars.mp3
Oct 22 13:07 : update: added lofi/DLJ - Dreaming.mp3
Oct 22 13:07 : update: added lofi/Project AER - Tiny Structures.mp3
Oct 22 13:07 : update: added lofi/Tenno - Amber Forest.mp3
Oct 22 13:07 : update: added lofi/Chill Select, Parental, Alcynoos - Overview.mp3
Oct 22 13:07 : update: added lofi/Swink - Adventure.mp3
Oct 22 13:07 : update: added lofi/Aethers, Chillpac - When Clouds Fade Away.mp3
Oct 22 13:07 : update: added lofi/Shingo Sekiguchi - North Wing.mp3
Oct 22 13:07 : update: added lofi/Intuitive, Palpal - Lake Placid.mp3
Oct 22 13:07 : update: added lofi/mell-ø - Beneath the Trees.mp3
Oct 22 13:07 : update: added lofi/wwolf ts - Winter Memories.mp3
Oct 22 13:07 : update: added lofi/Ian Ewing - Angel Oak.mp3
Oct 22 13:07 : update: added lofi/Jordy Chandra - Dream Escape.mp3
Oct 22 13:07 : update: added lofi/Chillpac - Seaside.mp3
Oct 22 13:07 : update: added lofi/Drxnk, Myríad, Golden Ticket Tapes - Winds Of Change.mp3
Oct 22 13:07 : update: added lofi/frad, chio - Apollo.mp3
Oct 22 13:07 : update: added lofi/Tah., Blumen - Equinox.mp3
Oct 22 13:07 : update: added lofi/WYS - Once.mp3
Oct 22 13:07 : update: added lofi/Retro Jungle, Hoogway - Fallen Leaves.mp3
Oct 22 13:07 : update: added lofi/Retro Jungle, mell-ø - Passing By.mp3
Oct 22 13:07 : update: added lofi/Tah., Blumen - Delight.mp3
Oct 22 13:07 : update: added lofi/Blumen - Augustine Road.mp3
Oct 22 13:07 : update: added lofi/DLJ, Dosi - Second Birth.mp3
Oct 22 13:07 : update: added lofi/Dinis, yutaka hirasaka - Late Summer.mp3
Oct 22 13:07 : update: added lofi/MARTIN $KY - Where You Are.mp3
Oct 22 13:07 : update: added lofi/Elior, eaup - winterglow.mp3
Oct 22 13:07 : update: added lofi/Mellowy - Niihau.mp3
Oct 22 13:07 : update: added lofi/mell-ø - Hibernate.mp3
Oct 22 13:07 : update: added lofi/Pandrezz - Shadows.mp3
Oct 22 13:07 : update: added lofi/S N U G, cxlt. - Cosmos.mp3
Oct 22 13:07 : update: added lofi/Afroham, ØDYSSEE - Later today.mp3
Oct 22 13:07 : update: added lofi/A S T R O - Swiing.mp3
Oct 22 13:07 : update: added lofi/Florent Garcia - Esther's Lips.mp3
Oct 22 13:07 : update: added lofi/Saï T - Mile High.mp3
Oct 22 13:07 : update: added lofi/S I M - _S W E E T .S O U .mp3
Oct 22 13:07 : update: added lofi/kust, Lofi Temple - Deckchair Dreams.mp3
Oct 22 13:07 : update: added lofi/Mariniwa - there's still hope..mp3
Oct 22 13:07 : update: added lofi/Dinis - Copacabana.mp3
Oct 22 13:07 : update: added lofi/Nogymx, Raimu - Silver Lake.mp3
Oct 22 13:07 : update: added lofi/Hoffy Beats, Yestalgia - Evergreen.mp3
Oct 22 13:07 : update: added lofi/ØDYSSEE, B-Side - Blue Lounge.mp3
Oct 22 13:07 : update: added lofi/wwolf ts, Bënji - Distant Happiness.mp3
Oct 22 13:07 : update: added lofi/Marcus D - Kodama.mp3
Oct 22 13:07 : update: added lofi/A S T R O, DLJ - Seasons.mp3
Oct 22 13:07 : update: added lofi/TABAL - The Train Passenger.mp3
Oct 22 13:07 : update: added lofi/DLJ - Time Reminder.mp3
Oct 22 13:07 : update: added lofi/Dosi, Awax - Sleep.mp3
Oct 22 13:07 : update: added lofi/TABAL - It's Time.mp3
Oct 22 13:07 : update: added lofi/TABAL, pantology - Outside.mp3
Oct 22 13:07 : update: added lofi/Hoffy Beats, My Friend Thor - Exotica.mp3
Oct 22 13:07 : update: added lofi/WYS - Coyote.mp3
Oct 22 13:07 : update: added lofi/lov lofi - Pulcro.mp3
Oct 22 13:07 : update: added lofi/wood., ra-my - Peppermint Tea.mp3
Oct 22 13:07 : update: added lofi/Goson - Moving On.mp3
Oct 22 13:07 : update: added lofi/Glimlip, Yasper - Simply the Best.mp3
Oct 22 13:07 : update: added lofi/Pandrezz - I Remember Your Face.mp3
Oct 22 13:07 : update: added lofi/Isaac., Hayne, frad - La Grande Jatte.mp3
Oct 22 13:07 : update: added lofi/Casiio, Sleepermane, ØDYSSEE - Suntai.mp3
Oct 22 13:07 : update: added lofi/DLJ, Nymano - Souvenir.mp3
Oct 22 13:07 : update: added lofi/Retro Jungle, mell-ø - Déjà-vu.mp3
Oct 22 13:07 : update: added lofi/Retro Jungle, Hoogway - Last Summer.mp3
Oct 22 13:07 : update: added lofi/Dinis - Momento Solarengo.mp3
Oct 22 13:07 : update: added lofi/Blumen - La Hague.mp3
Oct 22 13:07 : update: added My_MF_Playlist/Wu-Tang Clan, Method Man, Killa Priest, Chris Rivers - Frozen (feat. Method Man, Killa Priest and Chris Rivers).mp3
Oct 22 13:07 : update: added My_MF_Playlist/A Tribe Called Quest - Oh My God.mp3
Oct 22 13:07 : update: added My_MF_Playlist/Westside Connection - The Gangsta, The Killa And The Dope Dealer.mp3
Oct 22 13:07 : update: added My_MF_Playlist/Lil Dicky, Fetty Wap, Rich Homie Quan - $ave Dat Money (feat. Fetty Wap & Rich Homie Quan).mp3
Oct 22 13:07 : update: added My_MF_Playlist/Nas - Nas Is Like.mp3
Oct 22 13:07 : update: added My_MF_Playlist/2Pac - Dear Mama.mp3
Oct 22 13:07 : update: added My_MF_Playlist/Serial, Ace, Maze - Brilhantes diamantes.mp3
Oct 22 13:07 : update: added My_MF_Playlist/The Problemaddicts - Five On Four.mp3
Oct 22 13:07 : update: added My_MF_Playlist/Pete Rock & C.L. Smooth - They Reminisce Over You (T.R.O.Y.).mp3
Oct 22 13:07 : update: added My_MF_Playlist/Mobb Deep - Neva Change - Dirty.mp3
Oct 22 13:07 : update: added My_MF_Playlist/LL Cool J - Around The Way Girl.mp3
Oct 22 13:07 : update: added My_MF_Playlist/Big L - Put It On.mp3
Oct 22 13:07 : update: added My_MF_Playlist/Wu-Tang Clan, Redman - People Say (feat. Redman).mp3
Oct 22 13:07 : update: added My_MF_Playlist/2Pac - Ratha Be Ya N____.mp3
Oct 22 13:07 : update: added My_MF_Playlist/Masta Ace, Jean Grae - Soda & Soap (Featuring Jean Grae).mp3
Oct 22 13:07 : update: added My_MF_Playlist/2Pac, Digital Underground - I Get Around.mp3
Oct 22 13:07 : update: added My_MF_Playlist/The Beatnuts - Watch Out Now.mp3
Oct 22 13:07 : update: added My_MF_Playlist/Slow J - Fome.mp3
Oct 22 13:07 : update: added My_MF_Playlist/Wu-Tang Clan, Inspectah Deck, GZA - Dashing (Reasons) (feat. Inspectah Deck & GZA).mp3
Oct 22 13:07 : update: added My_MF_Playlist/Ice Cube - Why We Thugs.mp3
Oct 22 13:07 : update: added My_MF_Playlist/Jedi Mind Tricks, Young Zee, Pacewon - Design in Malice.mp3
Oct 22 13:07 : update: added My_MF_Playlist/Wu-Tang Clan, RZA, Method Man, Inspectah Deck, Raekwon, U-God, ODB, Ghostface Killah, GZA - Protect Ya Neck (feat. RZA, Method Man, Inspectah Deck, Raekwon, U-God, Ol' Dirty Bastard, Ghostface Killah & GZA).mp3
Oct 22 13:07 : update: added My_MF_Playlist/Sam The Kid - Juventude (É Mentalidade).mp3
Oct 22 13:07 : update: added My_MF_Playlist/Wu-Tang Clan, Inspectah Deck, Raekwon, U-God - One of These Days (feat. Inspectah Deck, Raekwon & U-God).mp3
Oct 22 13:07 : update: added My_MF_Playlist/Mobb Deep - Quiet Storm.mp3
Oct 22 13:07 : update: added My_MF_Playlist/Gang Starr, Inspectah Deck - Above The Clouds.mp3
Oct 22 13:07 : update: added My_MF_Playlist/Halloween - Na Porta do Bar - Live.mp3
Oct 22 13:07 : update: added My_MF_Playlist/ODB - Shimmy Shimmy Ya.mp3
Oct 22 13:07 : update: added My_MF_Playlist/Dax - Black Lives Matter.mp3
Oct 22 13:07 : update: added My_MF_Playlist/Nine - Whutcha Want.mp3
Oct 22 13:07 : update: added My_MF_Playlist/Dr. Dre, Snoop Dogg - The Next Episode.mp3
Oct 22 13:07 : update: added My_MF_Playlist/Nas, AZ, Olu Dara - Life's a Bitch (feat. AZ & Olu Dara).mp3
Oct 22 13:07 : update: added My_MF_Playlist/Mobb Deep - Daydreamin'.mp3
Oct 22 13:07 : update: added My_MF_Playlist/X-Tense, DJ HYPE MYKE - O Re$To.mp3
Oct 22 13:07 : update: added My_MF_Playlist/Westside Connection - Gangsta Nation.mp3
Oct 22 13:07 : update: added My_MF_Playlist/The Problemaddicts - Rappers Are Repetitive.mp3
Oct 22 13:07 : update: added My_MF_Playlist/Wu-Tang Clan, Method Man, Inspectah Deck, GZA, Raekwon, Ghostface Killah, Ronald Isley - Back In the Game (feat. Method Man, Inspectah Deck, GZA, Raekwon, Ghostface Killah & Ronald Isley).mp3
Oct 22 13:07 : update: added My_MF_Playlist/Mobb Deep, Lil Jon - Real Gangstaz (feat. Lil Jon).mp3
Oct 22 13:07 : update: added My_MF_Playlist/Valete, Phoenix Rdc, Virgul - Olimpo (feat. Phoenix RDC & Virgul).mp3
Oct 22 13:07 : update: added My_MF_Playlist/50 Cent - In Da Club.mp3
Oct 22 13:07 : update: added My_MF_Playlist/N.W.A. - Chin Check.mp3
Oct 22 13:07 : update: added My_MF_Playlist/J. Cole - MIDDLE CHILD.mp3
Oct 22 13:07 : update: added My_MF_Playlist/Thug Life - Cradle To The Grave.mp3
Oct 22 13:07 : update: added My_MF_Playlist/Eazy-E - Boyz-N-The-Hood.mp3
Oct 22 13:07 : update: added My_MF_Playlist/Wu-Tang Clan - Tearz.mp3
Oct 22 13:07 : update: added My_MF_Playlist/Mac Miller - Programs.mp3
Oct 22 13:07 : update: added My_MF_Playlist/MV Bill - L. Gelada - 3 da Madrugada.mp3
Oct 22 13:07 : update: added My_MF_Playlist/Mos Def - Ms. Fat Booty.mp3
Oct 22 13:07 : update: added My_MF_Playlist/Halloween - Na Porta do Bar.mp3
Oct 22 13:07 : update: added My_MF_Playlist/Digital Underground - The Humpty Dance.mp3
Oct 22 13:07 : update: added My_MF_Playlist/DMX - Ruff Ryders' Anthem.mp3
Oct 22 13:07 : update: added My_MF_Playlist/Wu-Tang Clan, Raekwon, ODB, Method Man - Shame On a Nigga (feat. Raekwon, Ol' Dirty Bastard & Method Man).mp3
Oct 22 13:07 : update: added My_MF_Playlist/X-Tense - Tou Bem.mp3
Oct 22 13:07 : update: added My_MF_Playlist/50 Cent, Mobb Deep - Outta Control - Remix.mp3
Oct 22 13:07 : update: added My_MF_Playlist/Ice Cube - I Rep That West.mp3
Oct 22 13:07 : update: added My_MF_Playlist/MC Serch - Back To The Grill.mp3
Oct 22 13:07 : update: added My_MF_Playlist/MC Lyte - Poor Georgie.mp3
Oct 22 13:07 : update: added My_MF_Playlist/Skee-Lo - I Wish - Radio Edit.mp3
Oct 22 13:07 : update: added My_MF_Playlist/Valete, Phoenix Rdc, Lila - Viaja (feat. Phoenix RDC & Lila).mp3
Oct 22 13:07 : update: added My_MF_Playlist/Lil Dicky, Snoop Dogg - Professional Rapper (feat. Snoop Dogg).mp3
Oct 22 13:07 : update: added My_MF_Playlist/Lords Of The Underground - Chief Rocka.mp3
Oct 22 13:07 : update: added My_MF_Playlist/A Tribe Called Quest - Award Tour.mp3
Oct 22 13:07 : update: added My_MF_Playlist/Dr. Dre, Snoop Dogg - Still D.R.E..mp3
Oct 22 13:07 : update: added My_MF_Playlist/Dillaz - 1100 Cegonhas.mp3
Oct 22 13:07 : update: added My_MF_Playlist/Masta Ace - H.O.O.D..mp3
Oct 22 13:07 : update: added My_MF_Playlist/Busta Rhymes - Woo Hah!! Got You All in Check.mp3
Oct 22 13:07 : update: added My_MF_Playlist/Mundo Segundo, Sam The Kid - Gaia Chelas.mp3
Oct 22 13:07 : update: added My_MF_Playlist/J. Cole - St. Tropez.mp3
Oct 22 13:07 : update: added My_MF_Playlist/Brand Nubian - Slow Down.mp3
Oct 22 13:07 : update: added My_MF_Playlist/Ice Cube, Snoop Dogg, Lil Jon - Go To Church.mp3
Oct 22 13:07 : update: added My_MF_Playlist/Dax, Tech N9ne - FASTER (feat. Tech N9ne).mp3
Oct 22 13:07 : update: added My_MF_Playlist/Ocean Wisdom - Tom & Jerry.mp3
Oct 22 13:07 : update: added My_MF_Playlist/Nas, Diddy - Hate Me Now (feat. Diddy).mp3
Oct 22 13:07 : update: added My_MF_Playlist/Big Pun, Fat Joe - Twinz (Deep Cover 98) (feat. Fat Joe).mp3
Oct 22 13:07 : update: added My_MF_Playlist/Dax - KILLSHOT 3.mp3
Oct 22 13:07 : update: added My_MF_Playlist/J. Cole - False Prophets.mp3
Oct 22 13:07 : update: added My_MF_Playlist/Mundo Segundo, Sam The Kid - Também Faz Parte.mp3
Oct 22 13:07 : update: added My_MF_Playlist/Cypress Hill - Insane in the Brain.mp3
Oct 22 13:07 : update: added My_MF_Playlist/Mobb Deep - Capital P Capital H.mp3
Oct 22 13:07 : update: added My_MF_Playlist/Mobb Deep, Nate Dogg - Dump (feat. Nate Dogg) - Dirty.mp3
Oct 22 13:07 : update: added My_MF_Playlist/21 Savage - a lot.mp3
Oct 22 13:07 : update: added My_MF_Playlist/Thug Life - Stay True.mp3
Oct 22 13:07 : update: added My_MF_Playlist/Halloween - O Primeiro Dia - Live.mp3
Oct 22 13:07 : update: added My_MF_Playlist/Dax - JOKER RETURNS.mp3
Oct 22 13:07 : update: added My_MF_Playlist/MF DOOM, MF Grimm - Doomsday.mp3
Oct 22 13:07 : update: added My_MF_Playlist/Geto Boys - Mind Playing Tricks on Me.mp3
Oct 22 13:07 : update: added My_MF_Playlist/Mos Def, Slick Rick - Auditorium.mp3
Oct 22 13:07 : update: added My_MF_Playlist/Sam The Kid - Retrospectiva de Um Amor Profundo.mp3
Oct 22 13:07 : update: added My_MF_Playlist/MF DOOM - Hoe Cakes.mp3
Oct 22 13:07 : update: added My_MF_Playlist/Lil Dicky, Brain - Pillow Talking (feat. Brain).mp3
Oct 22 13:07 : update: added My_MF_Playlist/Wu-Tang Clan, RZA, Inspectah Deck, Method Man - Wu-Tang Clan Ain't Nuthing ta F' Wit (feat. RZA, Inspectah Deck & Method Man).mp3
Oct 22 13:07 : update: added My_MF_Playlist/Valete - Poder.mp3
Oct 22 13:07 : update: added My_MF_Playlist/Mind da Gap - És Onde Quero Estar.mp3
Oct 22 13:07 : update: added My_MF_Playlist/Logic - DadBod.mp3
Oct 22 13:07 : update: added My_MF_Playlist/Masta Ace - Travelocity.mp3
Oct 22 13:07 : update: added My_MF_Playlist/KRS-One - Sound of da Police.mp3
Oct 22 13:07 : update: added My_MF_Playlist/Eric B. & Rakim - Know The Ledge.mp3
Oct 22 13:07 : update: added My_MF_Playlist/Del The Funky Homosapien - Mistadobalina.mp3
Oct 22 13:07 : update: added My_MF_Playlist/The Notorious B.I.G. - Hypnotize - 2014 Remaster.mp3
Oct 22 13:07 : update: added My_MF_Playlist/Valete - Rua do Poço dos Negros.mp3
Oct 22 13:07 : update: added My_MF_Playlist/Kool G Rap, DJ Polo - Ill Street Blues.mp3
Oct 22 13:07 : update: added My_MF_Playlist/Dax - Dear God.mp3
Oct 22 13:07 : update: added My_MF_Playlist/Slick Rick, Outkast - Street Talkin'.mp3
Oct 22 13:07 : update: added My_MF_Playlist/Snoop Dogg, Daz Dillinger - Gin And Juice (feat. Dat Nigga Daz).mp3
Oct 22 13:07 : update: added My_MF_Playlist/Slow J - Cristalina.mp3
Oct 22 13:07 : update: added My_MF_Playlist/Cypress Hill - How I Could Just Kill a Man.mp3
Oct 22 13:07 : update: added My_MF_Playlist/Lil Dicky - Earth.mp3
Oct 22 13:07 : update: added My_MF_Playlist/The Globetroddas - Picture Perfect.mp3
Oct 22 13:07 : update: added My_MF_Playlist/Nas - N.Y. State of Mind.mp3
Oct 22 13:07 : update: added My_MF_Playlist/Camp Lo - Luchini AKA This Is It.mp3
Oct 22 13:07 : update: added My_MF_Playlist/Nice & Smooth - Sometimes I Rhyme Slow.mp3
Oct 22 13:07 : update: added My_MF_Playlist/Naughty By Nature - Hip Hop Hooray.mp3
Oct 22 13:07 : update: added My_MF_Playlist/Ms. Lauryn Hill - Doo Wop (That Thing).mp3
Oct 22 13:07 : update: added My_MF_Playlist/Snoop Dogg, Kokane - Doggytails (feat. Kokane).mp3
Oct 22 13:07 : update: added My_MF_Playlist/Mundo Segundo, Sam The Kid, New Max - Deixar de Ser.mp3
Oct 22 13:07 : update: added My_MF_Playlist/Dillaz - Sonhar Nesta Vida.mp3
Oct 22 13:07 : update: added My_MF_Playlist/Valete - Rap Consciente.mp3
Oct 22 13:07 : update: added My_MF_Playlist/Merkules - Wanna.mp3
Oct 22 13:07 : update: added My_MF_Playlist/Masta Ace, Leschea - Bklyn Masala (Featuring Leschea).mp3
Oct 22 13:07 : update: added My_MF_Playlist/Fugees, Ms. Lauryn Hill, Wyclef Jean, Pras - Fu-Gee-La.mp3
Oct 22 13:07 : update: added My_MF_Playlist/Dillaz, Lhast - Gravidade.mp3
Oct 22 13:07 : update: added My_MF_Playlist/Black Moon - Who Got Da Props.mp3
Oct 22 13:07 : update: added My_MF_Playlist/Nas - I Can.mp3
Oct 22 13:07 : update: added My_MF_Playlist/Ice Cube - Life In California Feat. Jayo & Wc.mp3
Oct 22 13:07 : update: added My_MF_Playlist/Souls Of Mischief - 93 'Til Infinity.mp3
Oct 22 13:07 : update: added My_MF_Playlist/The Pharcyde - Passin' Me By.mp3
Oct 22 13:07 : update: added My_MF_Playlist/Jeru The Damaja - Ya Playin' Yaself.mp3
Oct 22 13:07 : update: added My_MF_Playlist/A Tribe Called Quest - Jazz (We've Got).mp3
Oct 22 13:07 : update: added My_MF_Playlist/Mobb Deep - Hell on Earth (Front Lines).mp3
Oct 22 13:07 : update: added My_MF_Playlist/J. Cole - High For Hours.mp3
Oct 22 13:07 : update: added My_MF_Playlist/2Pac - All Eyez On Me.mp3
Oct 22 13:07 : update: added My_MF_Playlist/Dealema, Ace - Bom Dia.mp3
Oct 22 13:07 : update: added My_MF_Playlist/Mundo Segundo, Sam The Kid - Tu Não Sabes.mp3
Oct 22 13:07 : update: added My_MF_Playlist/Gang Starr - Mass Appeal.mp3
Oct 22 13:07 : update: added My_MF_Playlist/Mobb Deep, 50 Cent - Creep.mp3
Oct 22 13:07 : update: added My_MF_Playlist/Mobb Deep - Win or Lose.mp3
Oct 22 13:07 : update: added My_MF_Playlist/Slow J - Tinta da Raiz.mp3
Oct 22 13:07 : update: added My_MF_Playlist/Valete - Samuel Mira.mp3
Oct 22 13:07 : update: added My_MF_Playlist/J. Cole - No Role Modelz.mp3
Oct 22 13:07 : update: added My_MF_Playlist/Mobb Deep - Shook Ones, Pt. II.mp3
Oct 22 13:07 : update: added My_MF_Playlist/Gang Starr, J. Cole - Family and Loyalty.mp3
Oct 22 13:07 : update: added My_MF_Playlist/The Problemaddicts - I'll Be White Black.mp3
Oct 22 13:07 : update: added My_MF_Playlist/Nas - N.Y. State of Mind, Pt. ll.mp3
Oct 22 13:07 : update: added My_MF_Playlist/Ice Cube - Your Money Or Your Life.mp3
Oct 22 13:07 : update: added My_MF_Playlist/Dillaz - Protagonista.mp3
Oct 22 13:07 : update: added My_MF_Playlist/Big Daddy Kane - Ain't No Half-Steppin'.mp3
Oct 22 13:07 : update: added My_MF_Playlist/Slow J - Vida Boa.mp3
Oct 22 13:07 : update: added My_MF_Playlist/GROGNation, Sam The Kid - Body.mp3
Oct 22 13:07 : update: added My_MF_Playlist/J. Cole - Wet Dreamz.mp3
Oct 22 13:07 : update: added My_MF_Playlist/Vinnie Paz, Eamon - The Ghost I Used to Be.mp3
Oct 22 13:07 : update: added My_MF_Playlist/Wu-Tang Clan, R-Mean, Mzee Jones, Method Man - G'd up (feat. Method Man, R-Mean and Mzee Jones).mp3
Oct 22 13:07 : update: added My_MF_Playlist/House Of Pain - Jump Around.mp3
Oct 22 13:07 : update: added My_MF_Playlist/Dillaz, Vulto - Eu Estou Bem (feat. Vulto).mp3
Oct 22 13:07 : update: added My_MF_Playlist/The Problemaddicts - Freedom.mp3
Oct 22 13:07 : update: added My_MF_Playlist/Regula - Júlio César.mp3
Oct 22 13:07 : update: added My_MF_Playlist/Dax - JOKER.mp3
Oct 22 13:07 : update: added My_MF_Playlist/Queen Latifah - U.N.I.T.Y..mp3
Oct 22 13:07 : update: added My_MF_Playlist/Showbiz & A.G. - Next Level - Nyte Time Mix.mp3
Oct 22 13:07 : update: added My_MF_Playlist/Gson, Slow J, Sam The Kid - 3,14.mp3
Oct 22 13:07 : update: added My_MF_Playlist/Method Man, Intell, Snoop Dogg - Episode 2 - Eastside.mp3
Oct 22 13:07 : update: added My_MF_Playlist/J. Cole - Lion King On Ice.mp3
Oct 22 13:07 : update: added My_MF_Playlist/The Globetroddas - Love.mp3
Oct 22 13:07 : update: added My_MF_Playlist/D12 - Purple Pills.mp3
Oct 22 13:07 : update: added My_MF_Playlist/Wu-Tang Clan, Ghostface Killah, Raekwon, GZA - Babies (feat. Ghostface Killah, Raekwon & GZA).mp3
Oct 22 13:07 : update: added My_MF_Playlist/Wu-Tang Clan, RZA, Masta Killa, Inspectah Deck, Streetlife - In the Hood (feat. RZA, Masta Killa, Inspectah Deck & Streetlife).mp3
Oct 22 13:07 : update: added My_MF_Playlist/Wu-Tang Clan, Ghostface Killah, Sean Price, Method Man, RZA - Pearl Harbor (feat. Ghostface Killah, Method Man, RZA and Sean Price).mp3
Oct 22 13:07 : update: added My_MF_Playlist/Mobb Deep, 50 Cent - Pearly Gates.mp3
Oct 22 13:07 : update: added My_MF_Playlist/Slow J - Comida.mp3
Oct 22 13:07 : update: added My_MF_Playlist/Wu-Tang Clan, RZA, Ghostface Killah, Raekwon, Inspectah Deck - Bring Da Ruckus (feat. RZA, Ghostface Killah, Raekwon & Inspectah Deck).mp3
Oct 22 13:07 : update: added My_MF_Playlist/CLASSE CRUA, Sam The Kid - A Minha Praia.mp3
Oct 22 13:07 : update: added My_MF_Playlist/KRS-One - MC's Act Like They Don't Know.mp3
Oct 22 13:07 : update: added My_MF_Playlist/Bas, J. Cole - Tribe (with J. Cole).mp3
Oct 22 13:07 : update: added My_MF_Playlist/Dax - GOTHAM.mp3
Oct 22 13:07 : update: added My_MF_Playlist/Mobb Deep - Survival of the Fittest.mp3
Oct 22 13:07 : update: added My_MF_Playlist/The Notorious B.I.G. - Who Shot Ya - 2005 Remaster.mp3
Oct 22 13:07 : update: added My_MF_Playlist/XEG, Regula, Sam The Kid, Valete - Os Mais Pesados da Capital.mp3
Oct 22 13:07 : update: added My_MF_Playlist/Slow J - Sado.mp3
Oct 22 13:07 : update: added My_MF_Playlist/Slow J - Portus Calle.mp3
Oct 22 13:07 : update: added My_MF_Playlist/2Pac - Ambitionz Az A Ridah.mp3
Oct 22 13:07 : update: added My_MF_Playlist/Gang Starr - Work.mp3
Oct 22 13:07 : update: added My_MF_Playlist/Dillaz - Saudade.mp3
Oct 22 13:07 : update: added My_MF_Playlist/The Notorious B.I.G. - Machine Gun Funk - 2006 Remaster.mp3
Oct 22 13:07 : update: added My_MF_Playlist/Mobb Deep, Big Noyd - Give Up the Goods (Just Step) (feat. Big Noyd).mp3
Oct 22 13:07 : update: added My_MF_Playlist/Dax - My Last Words.mp3
Oct 22 13:07 : update: added My_MF_Playlist/Lost Boyz - Jeeps, Lex Coups, Bimaz & Benz.mp3
Oct 22 13:07 : update: added My_MF_Playlist/Dillaz - Mo Boy.mp3
Oct 22 13:07 : update: added My_MF_Playlist/Ice Cube - Smoke Some Weed.mp3
Oct 22 13:07 : update: added My_MF_Playlist/Ice Cube - It Was A Good Day.mp3
Oct 22 13:07 : update: added My_MF_Playlist/J. Cole - G.O.M.D..mp3
Oct 22 13:07 : update: added My_MF_Playlist/Nas - The World Is Yours.mp3
Oct 22 13:07 : update: added My_MF_Playlist/Wu-Tang Clan, Method Man, Raekwon, GZA, RZA, Ghostface Killah - Method Man (feat. Method Man, Raekwon, GZA, RZA & Ghostface Killah).mp3
Oct 22 13:07 : update: added My_MF_Playlist/Vinnie Paz, Yes Alexander - Is Happiness Just a Word.mp3
Oct 22 13:07 : update: added My_MF_Playlist/J. Cole - t h e . c l i m b . b a c k.mp3
Oct 22 13:07 : update: added My_MF_Playlist/Ocean Wisdom, Rodney P, Roots Manuva - Righteous.mp3
Oct 22 13:07 : update: added My_MF_Playlist/Hopsin - Ill Mind of Hopsin 5.mp3
Oct 22 13:07 : update: added My_MF_Playlist/Ice Cube - Nothing Like La.mp3
Oct 22 13:07 : update: added My_MF_Playlist/Da Weasel - Re-tratamento.mp3
Oct 22 13:07 : update: added My_MF_Playlist/Valete, X-Tense - Ilha de Honshu (feat. X-Tense).mp3
Oct 22 13:07 : update: added My_MF_Playlist/Vinnie Paz - Blood on My Hands.mp3
Oct 22 13:07 : update: added My_MF_Playlist/Warren G, Nate Dogg - Regulate.mp3
Oct 22 13:07 : update: added My_MF_Playlist/Kurupt, Fredwreck Nassar, Sean Cruse, Jason Schweitzer, Nate Dogg, MC Ren, Xzibit - The Hardest Mutha Fukas.mp3
Oct 22 13:07 : update: added My_MF_Playlist/Black Star - Definition.mp3
Oct 22 13:07 : update: added My_MF_Playlist/Nas, 2Pac, J. Phoenix - Thugz Mansion (N.Y.) (feat. 2Pac & J. Phoenix).mp3
Oct 22 13:07 : update: added My_MF_Playlist/Masta Ace, Apocalyspe - Da Grind (Featuring Apocalypse).mp3
Oct 22 13:07 : update: added My_MF_Playlist/Regula, Dillaz - Wake n Bake.mp3
Oct 22 13:07 : update: added My_MF_Playlist/Lhast, Dillaz - O Clima.mp3
Oct 22 13:07 : update: added My_MF_Playlist/50 Cent - Best Friend.mp3
Oct 22 13:07 : update: added My_MF_Playlist/Onyx - Slam.mp3
Oct 22 13:07 : update: added My_MF_Playlist/Gang Starr, Nice & Smooth - DWYCK.mp3
Oct 22 13:07 : update: added My_MF_Playlist/Machine Gun Kelly - el Diablo.mp3
Oct 22 13:07 : update: added My_MF_Playlist/Gang Starr - Moment Of Truth.mp3
Oct 22 13:07 : update: added My_MF_Playlist/EPMD - Crossover.mp3
Oct 22 13:07 : update: added My_MF_Playlist/Main Source - Looking At The Front Door.mp3
Oct 22 13:07 : update: added My_MF_Playlist/Outkast - Southernplayalisticadillacmuzik.mp3
Oct 22 13:07 : update: added My_MF_Playlist/Ice Cube - No Vaseline.mp3
Oct 22 13:07 : update: added My_MF_Playlist/Wu-Tang Clan, Inspectah Deck, Redman - Lesson Learn'd (feat. Inspectah Deck and Redman).mp3
Oct 22 13:07 : update: added My_MF_Playlist/The Roots - Proceed.mp3
Oct 22 13:07 : update: added My_MF_Playlist/Valete - 1º MC Português.mp3
Oct 22 13:07 : update: added My_MF_Playlist/The Notorious B.I.G. - Big Poppa - 2005 Remaster.mp3
Oct 22 13:07 : update: added My_MF_Playlist/Jedi Mind Tricks, Scott Stallone - Marciano's Reign.mp3
Oct 22 13:07 : update: added My_MF_Playlist/Ice Cube - Ghetto Vet.mp3
Oct 22 13:07 : update: added My_MF_Playlist/CLASSE CRUA, Chullage - Chakras.mp3
Oct 22 13:07 : update: added My_MF_Playlist/Raekwon, Ghostface Killah, Method Man, Cappadonna - Ice Cream (feat. Ghostface Killah, Method Man & Cappadonna).mp3
Oct 22 13:07 : update: added My_MF_Playlist/MF DOOM, Pebbles The Invisible Girl - Doomsday.mp3
Oct 22 13:07 : update: added My_MF_Playlist/DJ Jazzy Jeff & The Fresh Prince - Summertime.mp3
Oct 22 13:07 : update: added My_MF_Playlist/Ocean Wisdom - Don.mp3
Oct 22 13:07 : update: added My_MF_Playlist/Crooklyn Dodgers, Buck Shot, Special Ed, Master Ace - Crooklyn - CrooklynSoundtrack Version.mp3
Oct 22 13:07 : update: added My_MF_Playlist/Dilated Peoples - Worst Comes To Worst.mp3
Oct 22 13:07 : update: added My_MF_Playlist/Ice Cube - Growin' Up.mp3
Oct 22 13:07 : update: added My_MF_Playlist/2Pac - All About U.mp3
Oct 22 13:07 : update: added My_MF_Playlist/Jedi Mind Tricks - You Have One Devil but Five Angels.mp3
Oct 22 13:07 : update: added My_MF_Playlist/Ice Cube, Das EFX - Check Yo Self - Remix.mp3
Oct 22 13:07 : update: added My_MF_Playlist/N.W.A. - Express Yourself.mp3
Oct 22 13:07 : update: added My_MF_Playlist/GZA - Liquid Swords.mp3
Oct 22 13:07 : update: added My_MF_Playlist/Nas, Ms. Lauryn Hill - If I Ruled the World (Imagine That) (feat. Lauryn Hill).mp3
Oct 22 13:07 : update: added My_MF_Playlist/Wu-Tang Clan, Method Man, U-God, Inspectah Deck, Raekwon, ODB, Ghostface Killah, Masta Killa - Da Mystery of Chessboxin' (feat. Method Man, U-God, Inspectah Deck, Raekwon, Ol' Dirty Bastard, Ghostface Killah & Masta Killa).mp3
Oct 22 13:07 : update: added My_MF_Playlist/Jeru The Damaja - Me Or The Papes.mp3
Oct 22 13:07 : update: added My_MF_Playlist/The Notorious B.I.G. - Juicy - 2005 Remaster.mp3
Oct 22 13:07 : update: added My_MF_Playlist/J. Cole - KOD.mp3
Oct 22 13:07 : update: added My_MF_Playlist/N.W.A. - Straight Outta Compton.mp3
Oct 22 13:07 : update: added My_MF_Playlist/Coolio, L.V. - Gangsta's Paradise.mp3
Oct 22 13:07 : update: added My_MF_Playlist/Eazy-E - Real Muthaphuckkin' G's.mp3
Oct 22 13:07 : update: added My_MF_Playlist/2Pac - Only God Can Judge Me.mp3
Oct 22 13:07 : update: added My_MF_Playlist/Masta Ace - Beautiful.mp3
Oct 22 13:07 : update: added My_MF_Playlist/Tyga, Offset - Taste (feat. Offset).mp3
Oct 22 13:07 : update: added My_MF_Playlist/Wu-Tang Clan, Method Man - If Time Is Money (Fly Navigation) [feat. Method Man].mp3
Oct 22 13:07 : update: added My_MF_Playlist/Valete - Indústria dos Sonhos.mp3
Oct 22 13:07 : update: added My_MF_Playlist/Gang Starr - Full Clip.mp3
Oct 22 13:07 : update: added My_MF_Playlist/J. Cole - A Tale of 2 Citiez.mp3
Oct 22 13:07 : update: added My_MF_Playlist/Outkast - Player's Ball.mp3
Oct 22 13:07 : update: added My_MF_Playlist/N.W.A. - Fuck Tha Police.mp3
Oct 22 13:07 : update: added My_MF_Playlist/Mos Def - Mathematics.mp3
Oct 22 13:07 : update: added My_MF_Playlist/Eric B. & Rakim - Don't Sweat The Technique.mp3
Oct 22 13:07 : update: added My_MF_Playlist/Ocean Wisdom, Method Man - Ting Dun.mp3
Oct 22 13:07 : update: added My_MF_Playlist/The Beatnuts, Big Pun, Cuban Linx - Off the Books (feat. Big Pun & Cuban Linx).mp3
Oct 22 13:07 : update: added My_MF_Playlist/Black Sheep - The Choice Is Yours (Revisited).mp3
Oct 22 13:07 : update: added My_MF_Playlist/Sam The Kid - Sendo Assim.mp3
Oct 22 13:07 : update: added My_MF_Playlist/Eric B. & Rakim - Microphone Fiend.mp3
Oct 22 13:07 : update: added My_MF_Playlist/Compton's Most Wanted - Streiht Up Menace.mp3
Oct 22 13:07 : update: added My_MF_Playlist/Black Sheep - Strobelite Honey.mp3
Oct 22 13:07 : update: added My_MF_Playlist/Slow J - Pai Eu.mp3
Oct 22 13:07 : update: added My_MF_Playlist/GZA, Method Man - Shadowboxin'.mp3
Oct 22 13:07 : update: added My_MF_Playlist/Thug Life, Nate Dogg - How Long Will They Mourn Me.mp3
Oct 22 13:07 : update: added My_MF_Playlist/Bispo, Sam The Kid - Pormenores.mp3
Oct 22 13:07 : update: added My_MF_Playlist/Ice Cube - No Country For Young Men.mp3
Oct 22 13:07 : update: added My_MF_Playlist/GROGNation, Sam The Kid - Orelhas Quentes.mp3
Oct 22 13:07 : update: added My_MF_Playlist/Ice Cube - Hello - Feat. Dr. Dre And MC Ren.mp3
Oct 22 13:07 : update: added My_MF_Playlist/Thug Life, Natasha Walker - Bury Me A G.mp3
Oct 22 13:07 : update: added My_MF_Playlist/X-Tense - 22-22.mp3
Oct 22 13:07 : update: added My_MF_Playlist/Valete - Roleta Russa.mp3
Oct 22 13:07 : update: added My_MF_Playlist/Wu-Tang Clan, Method Man, Raekwon, Inspectah Deck, Buddha Monk - C.R.E.A.M. (Cash Rules Everything Around Me) (feat. Method Man, Raekwon, Inspectah Deck & Buddha Monk).mp3
Oct 22 13:07 : update: added My_MF_Playlist/Sam The Kid - Poetas de Karaoke.mp3
Oct 22 13:07 : update: added My_MF_Playlist/Vinnie Paz, Block McCloud - End of Days.mp3
Oct 22 13:07 : update: added My_MF_Playlist/Valete, Loromance - Colete Amarelo (feat. Loromance).mp3
Oct 22 13:13 : player: played "My_MF_Playlist/Mobb Deep - Capital P Capital H.mp3"
Oct 22 14:39 : player: played "My_MF_Playlist/J. Cole - St. Tropez.mp3"
Oct 22 15:04 : player: played "My_MF_Playlist/J. Cole - St. Tropez.mp3"
Oct 22 15:08 : player: played "My_MF_Playlist/Dillaz - 1100 Cegonhas.mp3"
Oct 22 15:13 : player: played "My_MF_Playlist/Method Man, Intell, Snoop Dogg - Episode 2 - Eastside.mp3"
Oct 22 15:15 : player: played "My_MF_Playlist/KRS-One - Sound of da Police.mp3"
Oct 23 00:31 : player: played "My_MF_Playlist/Mobb Deep - Capital P Capital H.mp3"
Oct 23 14:54 : exception: Not playing
Oct 23 14:54 : exception: Not playing
Oct 23 14:57 : player: played "My_MF_Playlist/J. Cole - St. Tropez.mp3"
Oct 23 15:01 : player: played "My_MF_Playlist/Gang Starr - Mass Appeal.mp3"
Oct 23 15:05 : player: played "My_MF_Playlist/Ice Cube - No Country For Young Men.mp3"
Oct 23 15:09 : player: played "My_MF_Playlist/Ice Cube - Life In California Feat. Jayo & Wc.mp3"
Oct 23 15:31 : player: played "My_MF_Playlist/J. Cole - False Prophets.mp3"
Oct 23 15:35 : player: played "My_MF_Playlist/Dax - JOKER RETURNS.mp3"
Oct 23 15:38 : player: played "My_MF_Playlist/Ocean Wisdom - Tom & Jerry.mp3"
Oct 23 15:42 : player: played "My_MF_Playlist/Masta Ace, Apocalyspe - Da Grind (Featuring Apocalypse).mp3"
Oct 23 15:46 : player: played "My_MF_Playlist/Nine - Whutcha Want.mp3"
Oct 23 15:50 : player: played "My_MF_Playlist/Ocean Wisdom, Rodney P, Roots Manuva - Righteous.mp3"
Oct 23 15:55 : player: played "My_MF_Playlist/Valete - Poder.mp3"
Oct 23 15:59 : player: played "My_MF_Playlist/Wu-Tang Clan, Inspectah Deck, Raekwon, U-God - One of These Days (feat. Inspectah Deck, Raekwon & U-God).mp3"
Oct 24 15:46 : player: played "My_MF_Playlist/Sam The Kid - Juventude (É Mentalidade).mp3"
Oct 24 15:51 : player: played "My_MF_Playlist/2Pac - All Eyez On Me.mp3"
Oct 24 15:56 : player: played "My_MF_Playlist/Valete - Rap Consciente.mp3"
Oct 24 16:00 : player: played "My_MF_Playlist/Dax - KILLSHOT 3.mp3"
Oct 24 16:05 : player: played "My_MF_Playlist/Wu-Tang Clan, Method Man, Raekwon, GZA, RZA, Ghostface Killah - Method Man (feat. Method Man, Raekwon, GZA, RZA & Ghostface Killah).mp3"
Oct 24 16:10 : player: played "My_MF_Playlist/Logic - DadBod.mp3"
